<?xml version="1.0" encoding="UTF-8"?>
<coverage generated="1705951690167" clover="3.2.0">
  <project timestamp="1705951690167" name="All files">
    <metrics statements="20" coveredstatements="20" conditionals="2" coveredconditionals="1" methods="6" coveredmethods="6" elements="28" coveredelements="27" complexity="0" loc="20" ncloc="20" packages="1" files="2" classes="2"/>
    <file name="socketConfig.js" path="/home/fromant/Desktop/Programación/web_dev/Realtime-Chat/config/socketConfig.js">
      <metrics statements="6" coveredstatements="6" conditionals="2" coveredconditionals="1" methods="1" coveredmethods="1"/>
      <line num="1" count="1" type="stmt"/>
      <line num="2" count="1" type="stmt"/>
      <line num="5" count="1" type="stmt"/>
      <line num="6" count="1" type="stmt"/>
      <line num="13" count="1" type="stmt"/>
      <line num="16" count="1" type="stmt"/>
    </file>
    <file name="socketEvents.js" path="/home/fromant/Desktop/Programación/web_dev/Realtime-Chat/config/socketEvents.js">
      <metrics statements="14" coveredstatements="14" conditionals="0" coveredconditionals="0" methods="5" coveredmethods="5"/>
      <line num="1" count="1" type="stmt"/>
      <line num="2" count="1" type="stmt"/>
      <line num="3" count="2" type="stmt"/>
      <line num="5" count="2" type="stmt"/>
      <line num="6" count="1" type="stmt"/>
      <line num="9" count="2" type="stmt"/>
      <line num="10" count="2" type="stmt"/>
      <line num="11" count="2" type="stmt"/>
      <line num="12" count="2" type="stmt"/>
      <line num="15" count="2" type="stmt"/>
      <line num="16" count="1" type="stmt"/>
      <line num="17" count="1" type="stmt"/>
      <line num="18" count="1" type="stmt"/>
      <line num="23" count="1" type="stmt"/>
    </file>
  </project>
</coverage>
