{"/home/fromant/Desktop/Programación/web_dev/Realtime-Chat/config/appConfig.js": {"path":"/home/fromant/Desktop/Programación/web_dev/Realtime-Chat/config/appConfig.js","statementMap":{"0":{"start":{"line":1,"column":0},"end":{"line":1,"column":27}},"1":{"start":{"line":2,"column":16},"end":{"line":2,"column":34}},"2":{"start":{"line":3,"column":12},"end":{"line":3,"column":21}},"3":{"start":{"line":4,"column":13},"end":{"line":4,"column":28}},"4":{"start":{"line":5,"column":17},"end":{"line":5,"column":43}},"5":{"start":{"line":6,"column":15},"end":{"line":6,"column":34}},"6":{"start":{"line":7,"column":23},"end":{"line":12,"column":1}},"7":{"start":{"line":15,"column":0},"end":{"line":15,"column":34}},"8":{"start":{"line":16,"column":0},"end":{"line":16,"column":49}},"9":{"start":{"line":17,"column":0},"end":{"line":17,"column":24}},"10":{"start":{"line":18,"column":0},"end":{"line":18,"column":59}},"11":{"start":{"line":21,"column":0},"end":{"line":21,"column":40}},"12":{"start":{"line":23,"column":0},"end":{"line":23,"column":21}}},"fnMap":{},"branchMap":{},"s":{"0":1,"1":1,"2":1,"3":1,"4":1,"5":1,"6":1,"7":1,"8":1,"9":1,"10":1,"11":1,"12":1},"f":{},"b":{},"_coverageSchema":"1a1c01bbd47fc00a2c39e90264f33305004495a9","hash":"826b9a658d1dbb780aed406c0ba7aa8dc93539b1"}
,"/home/fromant/Desktop/Programación/web_dev/Realtime-Chat/config/socketConfig.js": {"path":"/home/fromant/Desktop/Programación/web_dev/Realtime-Chat/config/socketConfig.js","statementMap":{"0":{"start":{"line":1,"column":25},"end":{"line":1,"column":40}},"1":{"start":{"line":2,"column":19},"end":{"line":2,"column":39}},"2":{"start":{"line":5,"column":21},"end":{"line":5,"column":38}},"3":{"start":{"line":6,"column":13},"end":{"line":12,"column":4}},"4":{"start":{"line":13,"column":2},"end":{"line":13,"column":25}},"5":{"start":{"line":16,"column":0},"end":{"line":16,"column":36}}},"fnMap":{"0":{"name":"createSocketServer","decl":{"start":{"line":4,"column":9},"end":{"line":4,"column":27}},"loc":{"start":{"line":4,"column":33},"end":{"line":14,"column":1}},"line":4}},"branchMap":{"0":{"loc":{"start":{"line":8,"column":14},"end":{"line":10,"column":33}},"type":"cond-expr","locations":[{"start":{"line":9,"column":10},"end":{"line":9,"column":51}},{"start":{"line":10,"column":10},"end":{"line":10,"column":33}}],"line":8}},"s":{"0":1,"1":1,"2":1,"3":1,"4":1,"5":1},"f":{"0":1},"b":{"0":[0,1]},"_coverageSchema":"1a1c01bbd47fc00a2c39e90264f33305004495a9","hash":"932afb0f89ad1975274480da7200f171fb93adb6"}
,"/home/fromant/Desktop/Programación/web_dev/Realtime-Chat/config/socketEvents.js": {"path":"/home/fromant/Desktop/Programación/web_dev/Realtime-Chat/config/socketEvents.js","statementMap":{"0":{"start":{"line":1,"column":21},"end":{"line":21,"column":1}},"1":{"start":{"line":2,"column":2},"end":{"line":20,"column":5}},"2":{"start":{"line":3,"column":4},"end":{"line":3,"column":40}},"3":{"start":{"line":5,"column":4},"end":{"line":7,"column":7}},"4":{"start":{"line":6,"column":6},"end":{"line":6,"column":80}},"5":{"start":{"line":9,"column":4},"end":{"line":13,"column":7}},"6":{"start":{"line":10,"column":6},"end":{"line":10,"column":37}},"7":{"start":{"line":11,"column":6},"end":{"line":11,"column":54}},"8":{"start":{"line":12,"column":6},"end":{"line":12,"column":24}},"9":{"start":{"line":15,"column":4},"end":{"line":19,"column":7}},"10":{"start":{"line":16,"column":6},"end":{"line":16,"column":37}},"11":{"start":{"line":17,"column":6},"end":{"line":17,"column":53}},"12":{"start":{"line":18,"column":6},"end":{"line":18,"column":25}},"13":{"start":{"line":23,"column":0},"end":{"line":23,"column":29}}},"fnMap":{"0":{"name":"(anonymous_0)","decl":{"start":{"line":1,"column":21},"end":{"line":1,"column":22}},"loc":{"start":{"line":1,"column":29},"end":{"line":21,"column":1}},"line":1},"1":{"name":"(anonymous_1)","decl":{"start":{"line":2,"column":22},"end":{"line":2,"column":23}},"loc":{"start":{"line":2,"column":34},"end":{"line":20,"column":3}},"line":2},"2":{"name":"(anonymous_2)","decl":{"start":{"line":5,"column":25},"end":{"line":5,"column":26}},"loc":{"start":{"line":5,"column":58},"end":{"line":7,"column":5}},"line":5},"3":{"name":"(anonymous_3)","decl":{"start":{"line":9,"column":28},"end":{"line":9,"column":29}},"loc":{"start":{"line":9,"column":47},"end":{"line":13,"column":5}},"line":9},"4":{"name":"(anonymous_4)","decl":{"start":{"line":15,"column":28},"end":{"line":15,"column":29}},"loc":{"start":{"line":15,"column":47},"end":{"line":19,"column":5}},"line":15}},"branchMap":{},"s":{"0":1,"1":1,"2":2,"3":2,"4":1,"5":2,"6":2,"7":2,"8":2,"9":2,"10":1,"11":1,"12":1,"13":1},"f":{"0":1,"1":2,"2":1,"3":2,"4":1},"b":{},"_coverageSchema":"1a1c01bbd47fc00a2c39e90264f33305004495a9","hash":"81904fbbcdbdb196edfaec4f20d568becc577f1e"}
,"/home/fromant/Desktop/Programación/web_dev/Realtime-Chat/controller/loginController.js": {"path":"/home/fromant/Desktop/Programación/web_dev/Realtime-Chat/controller/loginController.js","statementMap":{"0":{"start":{"line":2,"column":18},"end":{"line":2,"column":29}},"1":{"start":{"line":3,"column":4},"end":{"line":7,"column":5}},"2":{"start":{"line":4,"column":6},"end":{"line":4,"column":41}},"3":{"start":{"line":5,"column":19},"end":{"line":5,"column":45}},"4":{"start":{"line":6,"column":6},"end":{"line":6,"column":37}},"5":{"start":{"line":10,"column":0},"end":{"line":10,"column":27}}},"fnMap":{"0":{"name":"loginPost","decl":{"start":{"line":1,"column":9},"end":{"line":1,"column":18}},"loc":{"start":{"line":1,"column":27},"end":{"line":8,"column":1}},"line":1}},"branchMap":{"0":{"loc":{"start":{"line":3,"column":4},"end":{"line":7,"column":5}},"type":"if","locations":[{"start":{"line":3,"column":4},"end":{"line":7,"column":5}},{"start":{},"end":{}}],"line":3},"1":{"loc":{"start":{"line":5,"column":19},"end":{"line":5,"column":45}},"type":"binary-expr","locations":[{"start":{"line":5,"column":19},"end":{"line":5,"column":32}},{"start":{"line":5,"column":36},"end":{"line":5,"column":45}}],"line":5}},"s":{"0":1,"1":1,"2":1,"3":1,"4":1,"5":1},"f":{"0":1},"b":{"0":[1,0],"1":[1,0]},"_coverageSchema":"1a1c01bbd47fc00a2c39e90264f33305004495a9","hash":"4045305c6912d34262031d13f7b00473f36dde38"}
,"/home/fromant/Desktop/Programación/web_dev/Realtime-Chat/controller/messageController.js": {"path":"/home/fromant/Desktop/Programación/web_dev/Realtime-Chat/controller/messageController.js","statementMap":{"0":{"start":{"line":1,"column":16},"end":{"line":1,"column":43}},"1":{"start":{"line":4,"column":18},"end":{"line":4,"column":34}},"2":{"start":{"line":5,"column":17},"end":{"line":5,"column":32}},"3":{"start":{"line":6,"column":15},"end":{"line":6,"column":25}},"4":{"start":{"line":7,"column":15},"end":{"line":7,"column":28}},"5":{"start":{"line":8,"column":2},"end":{"line":23,"column":3}},"6":{"start":{"line":9,"column":24},"end":{"line":9,"column":68}},"7":{"start":{"line":10,"column":19},"end":{"line":10,"column":38}},"8":{"start":{"line":11,"column":20},"end":{"line":11,"column":30}},"9":{"start":{"line":12,"column":20},"end":{"line":18,"column":6}},"10":{"start":{"line":19,"column":4},"end":{"line":19,"column":62}},"11":{"start":{"line":21,"column":4},"end":{"line":21,"column":29}},"12":{"start":{"line":22,"column":4},"end":{"line":22,"column":51}},"13":{"start":{"line":28,"column":17},"end":{"line":28,"column":34}},"14":{"start":{"line":29,"column":15},"end":{"line":29,"column":28}},"15":{"start":{"line":30,"column":2},"end":{"line":46,"column":3}},"16":{"start":{"line":31,"column":26},"end":{"line":31,"column":28}},"17":{"start":{"line":32,"column":20},"end":{"line":32,"column":71}},"18":{"start":{"line":33,"column":20},"end":{"line":33,"column":30}},"19":{"start":{"line":34,"column":4},"end":{"line":41,"column":5}},"20":{"start":{"line":35,"column":18},"end":{"line":35,"column":70}},"21":{"start":{"line":36,"column":6},"end":{"line":39,"column":7}},"22":{"start":{"line":37,"column":8},"end":{"line":37,"column":32}},"23":{"start":{"line":38,"column":8},"end":{"line":38,"column":19}},"24":{"start":{"line":40,"column":6},"end":{"line":40,"column":18}},"25":{"start":{"line":42,"column":4},"end":{"line":42,"column":42}},"26":{"start":{"line":44,"column":4},"end":{"line":44,"column":21}},"27":{"start":{"line":45,"column":4},"end":{"line":45,"column":51}},"28":{"start":{"line":52,"column":17},"end":{"line":52,"column":34}},"29":{"start":{"line":53,"column":18},"end":{"line":53,"column":34}},"30":{"start":{"line":54,"column":15},"end":{"line":54,"column":28}},"31":{"start":{"line":55,"column":2},"end":{"line":71,"column":3}},"32":{"start":{"line":56,"column":26},"end":{"line":56,"column":28}},"33":{"start":{"line":57,"column":20},"end":{"line":57,"column":67}},"34":{"start":{"line":58,"column":20},"end":{"line":58,"column":34}},"35":{"start":{"line":59,"column":4},"end":{"line":66,"column":5}},"36":{"start":{"line":60,"column":18},"end":{"line":60,"column":70}},"37":{"start":{"line":61,"column":6},"end":{"line":64,"column":7}},"38":{"start":{"line":62,"column":8},"end":{"line":62,"column":32}},"39":{"start":{"line":63,"column":8},"end":{"line":63,"column":19}},"40":{"start":{"line":65,"column":6},"end":{"line":65,"column":18}},"41":{"start":{"line":67,"column":4},"end":{"line":67,"column":42}},"42":{"start":{"line":69,"column":4},"end":{"line":69,"column":29}},"43":{"start":{"line":70,"column":4},"end":{"line":70,"column":51}},"44":{"start":{"line":74,"column":0},"end":{"line":74,"column":50}}},"fnMap":{"0":{"name":"sendMsg","decl":{"start":{"line":3,"column":15},"end":{"line":3,"column":22}},"loc":{"start":{"line":3,"column":33},"end":{"line":24,"column":1}},"line":3},"1":{"name":"loadMsg","decl":{"start":{"line":26,"column":15},"end":{"line":26,"column":22}},"loc":{"start":{"line":26,"column":33},"end":{"line":47,"column":1}},"line":26},"2":{"name":"loadNewMsg","decl":{"start":{"line":49,"column":15},"end":{"line":49,"column":25}},"loc":{"start":{"line":49,"column":36},"end":{"line":72,"column":1}},"line":49}},"branchMap":{"0":{"loc":{"start":{"line":10,"column":19},"end":{"line":10,"column":38}},"type":"binary-expr","locations":[{"start":{"line":10,"column":19},"end":{"line":10,"column":33}},{"start":{"line":10,"column":37},"end":{"line":10,"column":38}}],"line":10},"1":{"loc":{"start":{"line":32,"column":20},"end":{"line":32,"column":71}},"type":"binary-expr","locations":[{"start":{"line":32,"column":21},"end":{"line":32,"column":65}},{"start":{"line":32,"column":70},"end":{"line":32,"column":71}}],"line":32},"2":{"loc":{"start":{"line":34,"column":11},"end":{"line":34,"column":40}},"type":"binary-expr","locations":[{"start":{"line":34,"column":11},"end":{"line":34,"column":23}},{"start":{"line":34,"column":27},"end":{"line":34,"column":40}}],"line":34},"3":{"loc":{"start":{"line":36,"column":6},"end":{"line":39,"column":7}},"type":"if","locations":[{"start":{"line":36,"column":6},"end":{"line":39,"column":7}},{"start":{},"end":{}}],"line":36},"4":{"loc":{"start":{"line":57,"column":20},"end":{"line":57,"column":67}},"type":"binary-expr","locations":[{"start":{"line":57,"column":21},"end":{"line":57,"column":61}},{"start":{"line":57,"column":66},"end":{"line":57,"column":67}}],"line":57},"5":{"loc":{"start":{"line":59,"column":11},"end":{"line":59,"column":40}},"type":"binary-expr","locations":[{"start":{"line":59,"column":11},"end":{"line":59,"column":23}},{"start":{"line":59,"column":27},"end":{"line":59,"column":40}}],"line":59},"6":{"loc":{"start":{"line":61,"column":6},"end":{"line":64,"column":7}},"type":"if","locations":[{"start":{"line":61,"column":6},"end":{"line":64,"column":7}},{"start":{},"end":{}}],"line":61}},"s":{"0":1,"1":0,"2":0,"3":0,"4":0,"5":0,"6":0,"7":0,"8":0,"9":0,"10":0,"11":0,"12":0,"13":0,"14":0,"15":0,"16":0,"17":0,"18":0,"19":0,"20":0,"21":0,"22":0,"23":0,"24":0,"25":0,"26":0,"27":0,"28":0,"29":0,"30":0,"31":0,"32":0,"33":0,"34":0,"35":0,"36":0,"37":0,"38":0,"39":0,"40":0,"41":0,"42":0,"43":0,"44":1},"f":{"0":0,"1":0,"2":0},"b":{"0":[0,0],"1":[0,0],"2":[0,0],"3":[0,0],"4":[0,0],"5":[0,0],"6":[0,0]},"_coverageSchema":"1a1c01bbd47fc00a2c39e90264f33305004495a9","hash":"5ca3ca667d4d753d1a4c4bbfa5db4c598fd9d0c8"}
,"/home/fromant/Desktop/Programación/web_dev/Realtime-Chat/model/Message.js": {"path":"/home/fromant/Desktop/Programación/web_dev/Realtime-Chat/model/Message.js","statementMap":{"0":{"start":{"line":1,"column":17},"end":{"line":1,"column":36}},"1":{"start":{"line":2,"column":15},"end":{"line":2,"column":30}},"2":{"start":{"line":4,"column":16},"end":{"line":10,"column":2}},"3":{"start":{"line":12,"column":0},"end":{"line":12,"column":52}}},"fnMap":{},"branchMap":{},"s":{"0":1,"1":1,"2":1,"3":1},"f":{},"b":{},"_coverageSchema":"1a1c01bbd47fc00a2c39e90264f33305004495a9","hash":"9c92df85595332857d4306a138bd717ad573a3c9"}
,"/home/fromant/Desktop/Programación/web_dev/Realtime-Chat/routes/root.js": {"path":"/home/fromant/Desktop/Programación/web_dev/Realtime-Chat/routes/root.js","statementMap":{"0":{"start":{"line":1,"column":16},"end":{"line":1,"column":34}},"1":{"start":{"line":2,"column":15},"end":{"line":2,"column":31}},"2":{"start":{"line":3,"column":13},"end":{"line":3,"column":28}},"3":{"start":{"line":4,"column":24},"end":{"line":4,"column":64}},"4":{"start":{"line":5,"column":37},"end":{"line":5,"column":79}},"5":{"start":{"line":7,"column":0},"end":{"line":9,"column":3}},"6":{"start":{"line":8,"column":2},"end":{"line":8,"column":25}},"7":{"start":{"line":11,"column":0},"end":{"line":13,"column":3}},"8":{"start":{"line":12,"column":2},"end":{"line":12,"column":25}},"9":{"start":{"line":15,"column":0},"end":{"line":20,"column":3}},"10":{"start":{"line":16,"column":16},"end":{"line":16,"column":27}},"11":{"start":{"line":17,"column":2},"end":{"line":19,"column":30}},"12":{"start":{"line":18,"column":4},"end":{"line":18,"column":68}},"13":{"start":{"line":19,"column":7},"end":{"line":19,"column":30}},"14":{"start":{"line":22,"column":0},"end":{"line":24,"column":3}},"15":{"start":{"line":23,"column":2},"end":{"line":23,"column":66}},"16":{"start":{"line":26,"column":0},"end":{"line":28,"column":3}},"17":{"start":{"line":27,"column":2},"end":{"line":27,"column":27}},"18":{"start":{"line":30,"column":0},"end":{"line":33,"column":3}},"19":{"start":{"line":31,"column":15},"end":{"line":31,"column":33}},"20":{"start":{"line":32,"column":2},"end":{"line":32,"column":23}},"21":{"start":{"line":35,"column":0},"end":{"line":37,"column":3}},"22":{"start":{"line":36,"column":2},"end":{"line":36,"column":19}},"23":{"start":{"line":39,"column":0},"end":{"line":41,"column":3}},"24":{"start":{"line":40,"column":2},"end":{"line":40,"column":19}},"25":{"start":{"line":43,"column":0},"end":{"line":45,"column":3}},"26":{"start":{"line":44,"column":2},"end":{"line":44,"column":22}},"27":{"start":{"line":47,"column":0},"end":{"line":47,"column":24}}},"fnMap":{"0":{"name":"(anonymous_0)","decl":{"start":{"line":7,"column":16},"end":{"line":7,"column":17}},"loc":{"start":{"line":7,"column":30},"end":{"line":9,"column":1}},"line":7},"1":{"name":"(anonymous_1)","decl":{"start":{"line":11,"column":21},"end":{"line":11,"column":22}},"loc":{"start":{"line":11,"column":35},"end":{"line":13,"column":1}},"line":11},"2":{"name":"(anonymous_2)","decl":{"start":{"line":15,"column":27},"end":{"line":15,"column":28}},"loc":{"start":{"line":15,"column":41},"end":{"line":20,"column":1}},"line":15},"3":{"name":"(anonymous_3)","decl":{"start":{"line":22,"column":21},"end":{"line":22,"column":22}},"loc":{"start":{"line":22,"column":35},"end":{"line":24,"column":1}},"line":22},"4":{"name":"(anonymous_4)","decl":{"start":{"line":26,"column":22},"end":{"line":26,"column":23}},"loc":{"start":{"line":26,"column":33},"end":{"line":28,"column":1}},"line":26},"5":{"name":"(anonymous_5)","decl":{"start":{"line":30,"column":28},"end":{"line":30,"column":29}},"loc":{"start":{"line":30,"column":42},"end":{"line":33,"column":1}},"line":30},"6":{"name":"(anonymous_6)","decl":{"start":{"line":35,"column":25},"end":{"line":35,"column":26}},"loc":{"start":{"line":35,"column":45},"end":{"line":37,"column":1}},"line":35},"7":{"name":"(anonymous_7)","decl":{"start":{"line":39,"column":25},"end":{"line":39,"column":26}},"loc":{"start":{"line":39,"column":45},"end":{"line":41,"column":1}},"line":39},"8":{"name":"(anonymous_8)","decl":{"start":{"line":43,"column":29},"end":{"line":43,"column":30}},"loc":{"start":{"line":43,"column":49},"end":{"line":45,"column":1}},"line":43}},"branchMap":{"0":{"loc":{"start":{"line":17,"column":2},"end":{"line":19,"column":30}},"type":"if","locations":[{"start":{"line":17,"column":2},"end":{"line":19,"column":30}},{"start":{"line":19,"column":7},"end":{"line":19,"column":30}}],"line":17}},"s":{"0":1,"1":1,"2":1,"3":1,"4":1,"5":1,"6":1,"7":1,"8":1,"9":1,"10":1,"11":1,"12":0,"13":1,"14":1,"15":1,"16":1,"17":1,"18":1,"19":0,"20":0,"21":1,"22":0,"23":1,"24":0,"25":1,"26":0,"27":1},"f":{"0":1,"1":1,"2":1,"3":1,"4":1,"5":0,"6":0,"7":0,"8":0},"b":{"0":[0,1]},"_coverageSchema":"1a1c01bbd47fc00a2c39e90264f33305004495a9","hash":"9bff43c571355ca10b78b5c72ef6f031ada0736c"}
}
