{"/home/fromant/Desktop/Programación/web_dev/Realtime-Chat/config/socketConfig.js": {"path":"/home/fromant/Desktop/Programación/web_dev/Realtime-Chat/config/socketConfig.js","statementMap":{"0":{"start":{"line":1,"column":25},"end":{"line":1,"column":40}},"1":{"start":{"line":2,"column":19},"end":{"line":2,"column":39}},"2":{"start":{"line":5,"column":21},"end":{"line":5,"column":38}},"3":{"start":{"line":6,"column":13},"end":{"line":12,"column":4}},"4":{"start":{"line":13,"column":2},"end":{"line":13,"column":25}},"5":{"start":{"line":16,"column":0},"end":{"line":16,"column":36}}},"fnMap":{"0":{"name":"createSocketServer","decl":{"start":{"line":4,"column":9},"end":{"line":4,"column":27}},"loc":{"start":{"line":4,"column":33},"end":{"line":14,"column":1}},"line":4}},"branchMap":{"0":{"loc":{"start":{"line":8,"column":14},"end":{"line":10,"column":33}},"type":"cond-expr","locations":[{"start":{"line":9,"column":10},"end":{"line":9,"column":51}},{"start":{"line":10,"column":10},"end":{"line":10,"column":33}}],"line":8}},"s":{"0":1,"1":1,"2":1,"3":1,"4":1,"5":1},"f":{"0":1},"b":{"0":[0,1]},"_coverageSchema":"1a1c01bbd47fc00a2c39e90264f33305004495a9","hash":"932afb0f89ad1975274480da7200f171fb93adb6"}
,"/home/fromant/Desktop/Programación/web_dev/Realtime-Chat/config/socketEvents.js": {"path":"/home/fromant/Desktop/Programación/web_dev/Realtime-Chat/config/socketEvents.js","statementMap":{"0":{"start":{"line":1,"column":21},"end":{"line":21,"column":1}},"1":{"start":{"line":2,"column":2},"end":{"line":20,"column":5}},"2":{"start":{"line":3,"column":4},"end":{"line":3,"column":40}},"3":{"start":{"line":5,"column":4},"end":{"line":7,"column":7}},"4":{"start":{"line":6,"column":6},"end":{"line":6,"column":80}},"5":{"start":{"line":9,"column":4},"end":{"line":13,"column":7}},"6":{"start":{"line":10,"column":6},"end":{"line":10,"column":37}},"7":{"start":{"line":11,"column":6},"end":{"line":11,"column":48}},"8":{"start":{"line":12,"column":6},"end":{"line":12,"column":24}},"9":{"start":{"line":15,"column":4},"end":{"line":19,"column":7}},"10":{"start":{"line":16,"column":6},"end":{"line":16,"column":37}},"11":{"start":{"line":17,"column":6},"end":{"line":17,"column":48}},"12":{"start":{"line":18,"column":6},"end":{"line":18,"column":25}},"13":{"start":{"line":23,"column":0},"end":{"line":23,"column":29}}},"fnMap":{"0":{"name":"(anonymous_0)","decl":{"start":{"line":1,"column":21},"end":{"line":1,"column":22}},"loc":{"start":{"line":1,"column":29},"end":{"line":21,"column":1}},"line":1},"1":{"name":"(anonymous_1)","decl":{"start":{"line":2,"column":22},"end":{"line":2,"column":23}},"loc":{"start":{"line":2,"column":34},"end":{"line":20,"column":3}},"line":2},"2":{"name":"(anonymous_2)","decl":{"start":{"line":5,"column":25},"end":{"line":5,"column":26}},"loc":{"start":{"line":5,"column":58},"end":{"line":7,"column":5}},"line":5},"3":{"name":"(anonymous_3)","decl":{"start":{"line":9,"column":28},"end":{"line":9,"column":29}},"loc":{"start":{"line":9,"column":42},"end":{"line":13,"column":5}},"line":9},"4":{"name":"(anonymous_4)","decl":{"start":{"line":15,"column":28},"end":{"line":15,"column":29}},"loc":{"start":{"line":15,"column":42},"end":{"line":19,"column":5}},"line":15}},"branchMap":{},"s":{"0":1,"1":1,"2":2,"3":2,"4":1,"5":2,"6":2,"7":2,"8":2,"9":2,"10":1,"11":1,"12":1,"13":1},"f":{"0":1,"1":2,"2":1,"3":2,"4":1},"b":{},"_coverageSchema":"1a1c01bbd47fc00a2c39e90264f33305004495a9","hash":"66e8f9696f5b1719629658881f530906ae71a4f4"}
}
