TN:
SF:config/socketConfig.js
FN:4,createSocketServer
FNF:1
FNH:1
FNDA:1,createSocketServer
DA:1,1
DA:2,1
DA:5,1
DA:6,1
DA:13,1
DA:16,1
LF:6
LH:6
BRDA:8,0,0,0
BRDA:8,0,1,1
BRF:2
BRH:1
end_of_record
TN:
SF:config/socketEvents.js
FN:1,(anonymous_0)
FN:2,(anonymous_1)
FN:5,(anonymous_2)
FN:9,(anonymous_3)
FN:15,(anonymous_4)
FNF:5
FNH:5
FNDA:1,(anonymous_0)
FNDA:2,(anonymous_1)
FNDA:1,(anonymous_2)
FNDA:2,(anonymous_3)
FNDA:1,(anonymous_4)
DA:1,1
DA:2,1
DA:3,2
DA:5,2
DA:6,1
DA:9,2
DA:10,2
DA:11,2
DA:12,2
DA:15,2
DA:16,1
DA:17,1
DA:18,1
DA:23,1
LF:14
LH:14
BRF:0
BRH:0
end_of_record
